<?xml version="1.0" encoding="UTF-8" ?>
<testsuite failures="0" time="3.579" errors="0" skipped="0" tests="1" name="org.springside.examples.quickstart.repository.JpaMappingTest">
  <properties>
    <property name="java.runtime.name" value="Java(TM) SE Runtime Environment"/>
    <property name="sun.boot.library.path" value="G:\Program Files\Java\jdk1.7.0_02\jre\bin"/>
    <property name="java.vm.version" value="22.0-b10"/>
    <property name="java.vm.vendor" value="Oracle Corporation"/>
    <property name="java.vendor.url" value="http://java.oracle.com/"/>
    <property name="path.separator" value=";"/>
    <property name="guice.disable.misplaced.annotation.check" value="true"/>
    <property name="java.vm.name" value="Java HotSpot(TM) Client VM"/>
    <property name="file.encoding.pkg" value="sun.io"/>
    <property name="user.script" value=""/>
    <property name="user.country" value="CN"/>
    <property name="sun.java.launcher" value="SUN_STANDARD"/>
    <property name="sun.os.patch.level" value=""/>
    <property name="java.vm.specification.name" value="Java Virtual Machine Specification"/>
    <property name="user.dir" value="G:\J2EE\springside-4.0.0.GA\examples\quickstart"/>
    <property name="java.runtime.version" value="1.7.0_02-b13"/>
    <property name="java.awt.graphicsenv" value="sun.awt.Win32GraphicsEnvironment"/>
    <property name="java.endorsed.dirs" value="G:\Program Files\Java\jdk1.7.0_02\jre\lib\endorsed"/>
    <property name="os.arch" value="x86"/>
    <property name="java.io.tmpdir" value="G:\Users\dev\AppData\Local\Temp\"/>
    <property name="line.separator" value="
"/>
    <property name="java.vm.specification.vendor" value="Oracle Corporation"/>
    <property name="user.variant" value=""/>
    <property name="os.name" value="Windows 7"/>
    <property name="classworlds.conf" value="G:\Users\dev\workspace\.metadata\.plugins\org.maven.ide.eclipse\launches\m2conf9093329661642134281.tmp"/>
    <property name="sun.jnu.encoding" value="GBK"/>
    <property name="java.library.path" value="G:\Program Files\Java\jdk1.7.0_02\bin;G:\Windows\Sun\Java\bin;G:\Windows\system32;G:\Windows;G:/Program Files/Java/jre7/bin/client;G:/Program Files/Java/jre7/bin;G:/Program Files/Java/jre7/lib/i386;G:\Ruby193\bin;G:\Ruby\bin;G:\oracle\product\10.2.0\client_1\bin;C:\Python26\Scripts;C:\Python26\;G:\Windows\system32;G:\Windows;G:\Windows\System32\Wbem;G:\Windows\System32\WindowsPowerShell\v1.0\;G:\Program Files\Common Files\Thunder Network\KanKan\Codecs;C:\Program Files\Google\google_appengine;;G:\tools\apache-maven-2.2.1\bin;G:\tools\spring-roo-1.0.2.RELEASE\bin;C:\Program Files\Java\jdk1.6.0_05\bin;D:\Program Files\Tencent\QQPCMgr\6.8.2383.401;G:\Users\dev\AppData\Roaming\npm;G:\Program Files\nodejs\;D:\Program Files\Tencent\QQPCMgr\6.8.2383.401;G:\J2EE\spring-roo-1.2.2.RELEASE\bin;G:\IoLanguage\bin；G:\Ruby193\bin；G:\Program Files\nodejs\node_modules\npm\bin;G:\Program Files\nodejs\node_modules\npm\bin;G:\Program Files\nodejs;G:\J2EE\apache-maven-3.0.4\bin;G:\indigo\eclipse;;."/>
    <property name="java.specification.name" value="Java Platform API Specification"/>
    <property name="java.class.version" value="51.0"/>
    <property name="sun.management.compiler" value="HotSpot Client Compiler"/>
    <property name="os.version" value="6.1"/>
    <property name="user.home" value="G:\Users\dev"/>
    <property name="user.timezone" value="Asia/Shanghai"/>
    <property name="java.awt.printerjob" value="sun.awt.windows.WPrinterJob"/>
    <property name="java.specification.version" value="1.7"/>
    <property name="file.encoding" value="GBK"/>
    <property name="user.name" value="dev"/>
    <property name="java.class.path" value="G:\J2EE\apache-maven-3.0.4\boot\plexus-classworlds-2.4.jar"/>
    <property name="java.vm.specification.version" value="1.7"/>
    <property name="sun.arch.data.model" value="32"/>
    <property name="java.home" value="G:\Program Files\Java\jdk1.7.0_02\jre"/>
    <property name="sun.java.command" value="org.codehaus.plexus.classworlds.launcher.Launcher -B install"/>
    <property name="java.specification.vendor" value="Oracle Corporation"/>
    <property name="user.language" value="zh"/>
    <property name="awt.toolkit" value="sun.awt.windows.WToolkit"/>
    <property name="java.vm.info" value="mixed mode, sharing"/>
    <property name="java.version" value="1.7.0_02"/>
    <property name="java.ext.dirs" value="G:\Program Files\Java\jdk1.7.0_02\jre\lib\ext;G:\Windows\Sun\Java\lib\ext"/>
    <property name="sun.boot.class.path" value="G:\Program Files\Java\jdk1.7.0_02\jre\lib\resources.jar;G:\Program Files\Java\jdk1.7.0_02\jre\lib\rt.jar;G:\Program Files\Java\jdk1.7.0_02\jre\lib\sunrsasign.jar;G:\Program Files\Java\jdk1.7.0_02\jre\lib\jsse.jar;G:\Program Files\Java\jdk1.7.0_02\jre\lib\jce.jar;G:\Program Files\Java\jdk1.7.0_02\jre\lib\charsets.jar;G:\Program Files\Java\jdk1.7.0_02\jre\classes"/>
    <property name="java.vendor" value="Oracle Corporation"/>
    <property name="maven.home" value="G:\J2EE\apache-maven-3.0.4"/>
    <property name="file.separator" value="\"/>
    <property name="java.vendor.url.bug" value="http://bugreport.sun.com/bugreport/"/>
    <property name="sun.cpu.endian" value="little"/>
    <property name="sun.io.unicode.encoding" value="UnicodeLittle"/>
    <property name="sun.desktop" value="windows"/>
    <property name="sun.cpu.isalist" value="pentium_pro+mmx pentium_pro pentium+mmx pentium i486 i386 i86"/>
  </properties>
  <testcase time="3.579" classname="org.springside.examples.quickstart.repository.JpaMappingTest" name="allClassMapping"/>
</testsuite>